<?xml version="1.0" encoding="UTF-8"?>
<testng-results ignored="0" total="6" passed="6" failed="0" skipped="0">
  <reporter-output>
  </reporter-output>
  <suite started-at="2023-08-29T00:30:48 IST" name="Suite" finished-at="2023-08-29T00:31:53 IST" duration-ms="65099">
    <groups>
      <group name="cucumber">
        <method signature="AbstractTestNGCucumberTests.runScenario(io.cucumber.testng.PickleWrapper,io.cucumber.testng.FeatureWrapper)[pri:0, instance:testRunner.CucumberRunner@48e1f6c7]" name="runScenario" class="io.cucumber.testng.AbstractTestNGCucumberTests"/>
      </group> <!-- cucumber -->
    </groups>
    <test started-at="2023-08-29T00:30:48 IST" name="Test1" finished-at="2023-08-29T00:31:53 IST" duration-ms="65099">
      <class name="testRunner.CucumberRunner">
        <test-method is-config="true" signature="setUpClass(org.testng.ITestContext)[pri:0, instance:testRunner.CucumberRunner@48e1f6c7]" started-at="2023-08-29T00:30:48 IST" name="setUpClass" finished-at="2023-08-29T00:30:49 IST" duration-ms="566" status="PASS">
          <params>
            <param index="0">
              <value>
                <![CDATA[org.testng.TestRunner@463fd068]]>
              </value>
            </param>
          </params>
          <reporter-output>
          </reporter-output>
        </test-method> <!-- setUpClass -->
        <test-method signature="runScenario(io.cucumber.testng.PickleWrapper,io.cucumber.testng.FeatureWrapper)[pri:0, instance:testRunner.CucumberRunner@48e1f6c7]" started-at="2023-08-29T00:30:49 IST" name="runScenario" description="Runs Cucumber Scenarios" data-provider="scenarios" finished-at="2023-08-29T00:31:16 IST" duration-ms="27291" status="PASS">
          <params>
            <param index="0">
              <value>
                <![CDATA["Launch URL and Login"]]>
              </value>
            </param>
            <param index="1">
              <value>
                <![CDATA["Verify home page display"]]>
              </value>
            </param>
          </params>
          <reporter-output>
          </reporter-output>
        </test-method> <!-- runScenario -->
        <test-method signature="runScenario(io.cucumber.testng.PickleWrapper,io.cucumber.testng.FeatureWrapper)[pri:0, instance:testRunner.CucumberRunner@48e1f6c7]" started-at="2023-08-29T00:30:49 IST" name="runScenario" description="Runs Cucumber Scenarios" data-provider="scenarios" finished-at="2023-08-29T00:31:16 IST" duration-ms="27298" status="PASS">
          <params>
            <param index="0">
              <value>
                <![CDATA["Launch URL and Login"]]>
              </value>
            </param>
            <param index="1">
              <value>
                <![CDATA["Verify home page display"]]>
              </value>
            </param>
          </params>
          <reporter-output>
          </reporter-output>
        </test-method> <!-- runScenario -->
        <test-method signature="runScenario(io.cucumber.testng.PickleWrapper,io.cucumber.testng.FeatureWrapper)[pri:0, instance:testRunner.CucumberRunner@48e1f6c7]" started-at="2023-08-29T00:31:16 IST" name="runScenario" description="Runs Cucumber Scenarios" data-provider="scenarios" finished-at="2023-08-29T00:31:37 IST" duration-ms="20446" status="PASS">
          <params>
            <param index="0">
              <value>
                <![CDATA["Launch URL and Login"]]>
              </value>
            </param>
            <param index="1">
              <value>
                <![CDATA["Verify home page display"]]>
              </value>
            </param>
          </params>
          <reporter-output>
          </reporter-output>
        </test-method> <!-- runScenario -->
        <test-method signature="runScenario(io.cucumber.testng.PickleWrapper,io.cucumber.testng.FeatureWrapper)[pri:0, instance:testRunner.CucumberRunner@48e1f6c7]" started-at="2023-08-29T00:31:16 IST" name="runScenario" description="Runs Cucumber Scenarios" data-provider="scenarios" finished-at="2023-08-29T00:31:35 IST" duration-ms="18495" status="PASS">
          <params>
            <param index="0">
              <value>
                <![CDATA["Launch URL and Login"]]>
              </value>
            </param>
            <param index="1">
              <value>
                <![CDATA["Verify home page display"]]>
              </value>
            </param>
          </params>
          <reporter-output>
          </reporter-output>
        </test-method> <!-- runScenario -->
        <test-method signature="runScenario(io.cucumber.testng.PickleWrapper,io.cucumber.testng.FeatureWrapper)[pri:0, instance:testRunner.CucumberRunner@48e1f6c7]" started-at="2023-08-29T00:31:35 IST" name="runScenario" description="Runs Cucumber Scenarios" data-provider="scenarios" finished-at="2023-08-29T00:31:51 IST" duration-ms="15809" status="PASS">
          <params>
            <param index="0">
              <value>
                <![CDATA["Launch URL and Login"]]>
              </value>
            </param>
            <param index="1">
              <value>
                <![CDATA["Verify home page display"]]>
              </value>
            </param>
          </params>
          <reporter-output>
          </reporter-output>
        </test-method> <!-- runScenario -->
        <test-method signature="runScenario(io.cucumber.testng.PickleWrapper,io.cucumber.testng.FeatureWrapper)[pri:0, instance:testRunner.CucumberRunner@48e1f6c7]" started-at="2023-08-29T00:31:37 IST" name="runScenario" description="Runs Cucumber Scenarios" data-provider="scenarios" finished-at="2023-08-29T00:31:53 IST" duration-ms="16641" status="PASS">
          <params>
            <param index="0">
              <value>
                <![CDATA["Launch URL and Login"]]>
              </value>
            </param>
            <param index="1">
              <value>
                <![CDATA["Verify home page display"]]>
              </value>
            </param>
          </params>
          <reporter-output>
          </reporter-output>
        </test-method> <!-- runScenario -->
        <test-method is-config="true" signature="tearDownClass()[pri:0, instance:testRunner.CucumberRunner@48e1f6c7]" started-at="2023-08-29T00:31:53 IST" name="tearDownClass" finished-at="2023-08-29T00:31:53 IST" duration-ms="29" status="PASS">
          <reporter-output>
          </reporter-output>
        </test-method> <!-- tearDownClass -->
      </class> <!-- testRunner.CucumberRunner -->
    </test> <!-- Test1 -->
  </suite> <!-- Suite -->
</testng-results>
